2025-05-13 13:38:58,303 DEBUG    root            Loaded Command Group: ['gcloud', 'components']
2025-05-13 13:38:58,305 DEBUG    root            Loaded Command Group: ['gcloud', 'components', 'update']
2025-05-13 13:38:58,307 DEBUG    root            Running [gcloud.components.update] with arguments: [--quiet: "True", COMPONENT-IDS:8: "['gcloud', 'core', 'bq', 'gsutil', 'compute', 'preview', 'alpha', 'beta']"]
2025-05-13 13:38:58,308 INFO     ___FILE_ONLY___ Beginning update. This process may take several minutes.

2025-05-13 13:38:58,317 DEBUG    urllib3.connectionpool Starting new HTTPS connection (1): dl.google.com:443
2025-05-13 13:38:58,332 DEBUG    urllib3.connectionpool https://dl.google.com:443 "GET /dl/cloudsdk/channels/rapid/components-2.json HTTP/11" 200 233994
2025-05-13 13:38:58,346 WARNING  root            Component [compute] no longer exists.
2025-05-13 13:38:58,347 INFO     ___FILE_ONLY___ 

2025-05-13 13:38:58,348 INFO     ___FILE_ONLY___ 
Your current Google Cloud CLI version is: 522.0.0

2025-05-13 13:38:58,348 INFO     ___FILE_ONLY___ Installing components from version: 522.0.0

2025-05-13 13:38:58,348 INFO     ___FILE_ONLY___ 

2025-05-13 13:38:58,348 DEBUG    root            Chosen display Format:table[box,title="These components will be removed."](details.display_name:label=Name:align=left,version.version_string:label=Version:align=right,data.size.size(zero="",min=1048576):label=Size:align=right)
2025-05-13 13:38:58,349 DEBUG    root            Chosen display Format:table[box,title="These components will be updated."](details.display_name:label=Name:align=left,version.version_string:label=Version:align=right,data.size.size(zero="",min=1048576):label=Size:align=right)
2025-05-13 13:38:58,349 DEBUG    root            Chosen display Format:table[box,title="These components will be installed."](details.display_name:label=Name:align=left,version.version_string:label=Version:align=right,data.size.size(zero="",min=1048576):label=Size:align=right)
2025-05-13 13:38:58,364 INFO     ___FILE_ONLY___ ┌────────────────────────────────────────────────┐
2025-05-13 13:38:58,364 INFO     ___FILE_ONLY___ 

2025-05-13 13:38:58,364 INFO     ___FILE_ONLY___ │      These components will be installed.       │
2025-05-13 13:38:58,364 INFO     ___FILE_ONLY___ 

2025-05-13 13:38:58,364 INFO     ___FILE_ONLY___ ├─────────────────────────┬────────────┬─────────┤
2025-05-13 13:38:58,364 INFO     ___FILE_ONLY___ 

2025-05-13 13:38:58,364 INFO     ___FILE_ONLY___ │           Name          │  Version   │   Size  │
2025-05-13 13:38:58,364 INFO     ___FILE_ONLY___ 

2025-05-13 13:38:58,364 INFO     ___FILE_ONLY___ ├─────────────────────────┼────────────┼─────────┤
2025-05-13 13:38:58,364 INFO     ___FILE_ONLY___ 

2025-05-13 13:38:58,365 INFO     ___FILE_ONLY___ │ 
2025-05-13 13:38:58,365 INFO     ___FILE_ONLY___ gcloud Alpha Commands  
2025-05-13 13:38:58,365 INFO     ___FILE_ONLY___  
2025-05-13 13:38:58,365 INFO     ___FILE_ONLY___ │ 
2025-05-13 13:38:58,365 INFO     ___FILE_ONLY___ 2025.05.09
2025-05-13 13:38:58,365 INFO     ___FILE_ONLY___  
2025-05-13 13:38:58,365 INFO     ___FILE_ONLY___ │ 
2025-05-13 13:38:58,365 INFO     ___FILE_ONLY___ < 1 MiB
2025-05-13 13:38:58,365 INFO     ___FILE_ONLY___  
2025-05-13 13:38:58,365 INFO     ___FILE_ONLY___ │
2025-05-13 13:38:58,365 INFO     ___FILE_ONLY___ 

2025-05-13 13:38:58,365 INFO     ___FILE_ONLY___ │ 
2025-05-13 13:38:58,365 INFO     ___FILE_ONLY___ gcloud Beta Commands   
2025-05-13 13:38:58,366 INFO     ___FILE_ONLY___  
2025-05-13 13:38:58,366 INFO     ___FILE_ONLY___ │ 
2025-05-13 13:38:58,366 INFO     ___FILE_ONLY___ 2025.05.09
2025-05-13 13:38:58,366 INFO     ___FILE_ONLY___  
2025-05-13 13:38:58,366 INFO     ___FILE_ONLY___ │ 
2025-05-13 13:38:58,366 INFO     ___FILE_ONLY___ < 1 MiB
2025-05-13 13:38:58,366 INFO     ___FILE_ONLY___  
2025-05-13 13:38:58,366 INFO     ___FILE_ONLY___ │
2025-05-13 13:38:58,366 INFO     ___FILE_ONLY___ 

2025-05-13 13:38:58,366 INFO     ___FILE_ONLY___ │ 
2025-05-13 13:38:58,366 INFO     ___FILE_ONLY___ gcloud Preview Commands
2025-05-13 13:38:58,366 INFO     ___FILE_ONLY___  
2025-05-13 13:38:58,366 INFO     ___FILE_ONLY___ │ 
2025-05-13 13:38:58,367 INFO     ___FILE_ONLY___           
2025-05-13 13:38:58,367 INFO     ___FILE_ONLY___  
2025-05-13 13:38:58,367 INFO     ___FILE_ONLY___ │ 
2025-05-13 13:38:58,367 INFO     ___FILE_ONLY___ < 1 MiB
2025-05-13 13:38:58,367 INFO     ___FILE_ONLY___  
2025-05-13 13:38:58,367 INFO     ___FILE_ONLY___ │
2025-05-13 13:38:58,367 INFO     ___FILE_ONLY___ 

2025-05-13 13:38:58,367 INFO     ___FILE_ONLY___ └─────────────────────────┴────────────┴─────────┘
2025-05-13 13:38:58,367 INFO     ___FILE_ONLY___ 

2025-05-13 13:38:58,367 INFO     ___FILE_ONLY___ 

2025-05-13 13:38:58,371 DEBUG    urllib3.connectionpool Starting new HTTPS connection (1): dl.google.com:443
2025-05-13 13:38:58,382 DEBUG    urllib3.connectionpool https://dl.google.com:443 "GET /dl/cloudsdk/channels/rapid/RELEASE_NOTES HTTP/11" 200 1416207
2025-05-13 13:38:58,876 INFO     ___FILE_ONLY___ For the latest full release notes, please visit:
  https://cloud.google.com/sdk/release_notes


2025-05-13 13:38:58,876 INFO     ___FILE_ONLY___ Performing in place update...


2025-05-13 13:38:58,878 INFO     ___FILE_ONLY___ ╔════════════════════════════════════════════════════════════╗

2025-05-13 13:38:58,878 INFO     ___FILE_ONLY___ ╠═ Downloading: gcloud Alpha Commands                       ═╣

2025-05-13 13:38:58,878 INFO     ___FILE_ONLY___ ╚
2025-05-13 13:38:58,882 DEBUG    urllib3.connectionpool Starting new HTTPS connection (1): dl.google.com:443
2025-05-13 13:38:58,924 DEBUG    urllib3.connectionpool https://dl.google.com:443 "GET /dl/cloudsdk/channels/rapid/components/google-cloud-sdk-alpha-20250509144819.tar.gz HTTP/11" 200 800
2025-05-13 13:38:58,924 INFO     ___FILE_ONLY___ ════════════════════════════════════════════════════════════
2025-05-13 13:38:58,924 INFO     ___FILE_ONLY___ ╝

2025-05-13 13:38:58,926 INFO     ___FILE_ONLY___ ╔════════════════════════════════════════════════════════════╗

2025-05-13 13:38:58,926 INFO     ___FILE_ONLY___ ╠═ Downloading: gcloud Beta Commands                        ═╣

2025-05-13 13:38:58,926 INFO     ___FILE_ONLY___ ╚
2025-05-13 13:38:58,930 DEBUG    urllib3.connectionpool Starting new HTTPS connection (1): dl.google.com:443
2025-05-13 13:38:58,942 DEBUG    urllib3.connectionpool https://dl.google.com:443 "GET /dl/cloudsdk/channels/rapid/components/google-cloud-sdk-beta-20250509144819.tar.gz HTTP/11" 200 797
2025-05-13 13:38:58,943 INFO     ___FILE_ONLY___ ════════════════════════════════════════════════════════════
2025-05-13 13:38:58,943 INFO     ___FILE_ONLY___ ╝

2025-05-13 13:38:58,945 INFO     ___FILE_ONLY___ ╔════════════════════════════════════════════════════════════╗

2025-05-13 13:38:58,945 INFO     ___FILE_ONLY___ ╠═ Downloading: gcloud Preview Commands                     ═╣

2025-05-13 13:38:58,945 INFO     ___FILE_ONLY___ ╚
2025-05-13 13:38:58,948 DEBUG    urllib3.connectionpool Starting new HTTPS connection (1): dl.google.com:443
2025-05-13 13:38:58,995 DEBUG    urllib3.connectionpool https://dl.google.com:443 "GET /dl/cloudsdk/channels/rapid/components/google-cloud-sdk-preview-20241115154308.tar.gz HTTP/11" 200 823
2025-05-13 13:38:58,996 INFO     ___FILE_ONLY___ ════════════════════════════════════════════════════════════
2025-05-13 13:38:58,996 INFO     ___FILE_ONLY___ ╝

2025-05-13 13:38:58,998 INFO     ___FILE_ONLY___ ╔════════════════════════════════════════════════════════════╗

2025-05-13 13:38:58,998 INFO     ___FILE_ONLY___ ╠═ Installing: gcloud Alpha Commands                        ═╣

2025-05-13 13:38:58,999 INFO     ___FILE_ONLY___ ╚
2025-05-13 13:38:58,999 INFO     ___FILE_ONLY___ ════════════════════════════════════════════════════════════
2025-05-13 13:38:59,000 INFO     ___FILE_ONLY___ ╝

2025-05-13 13:38:59,005 INFO     ___FILE_ONLY___ ╔════════════════════════════════════════════════════════════╗

2025-05-13 13:38:59,005 INFO     ___FILE_ONLY___ ╠═ Installing: gcloud Beta Commands                         ═╣

2025-05-13 13:38:59,005 INFO     ___FILE_ONLY___ ╚
2025-05-13 13:38:59,006 INFO     ___FILE_ONLY___ ════════════════════════════════════════════════════════════
2025-05-13 13:38:59,006 INFO     ___FILE_ONLY___ ╝

2025-05-13 13:38:59,011 INFO     ___FILE_ONLY___ ╔════════════════════════════════════════════════════════════╗

2025-05-13 13:38:59,012 INFO     ___FILE_ONLY___ ╠═ Installing: gcloud Preview Commands                      ═╣

2025-05-13 13:38:59,012 INFO     ___FILE_ONLY___ ╚
2025-05-13 13:38:59,012 INFO     ___FILE_ONLY___ ════════════════════════════════════════════════════════════
2025-05-13 13:38:59,013 INFO     ___FILE_ONLY___ ╝

2025-05-13 13:38:59,017 DEBUG    root            Updating notification cache...
2025-05-13 13:38:59,018 INFO     ___FILE_ONLY___ 

2025-05-13 13:38:59,020 INFO     ___FILE_ONLY___ Performing post processing steps...
2025-05-13 13:38:59,020 DEBUG    root            Executing command: ['/tools/google-cloud-sdk/bin/gcloud', 'components', 'post-process']
2025-05-13 13:39:07,506 DEBUG    ___FILE_ONLY___ 
2025-05-13 13:39:07,506 DEBUG    ___FILE_ONLY___ 
2025-05-13 13:39:07,549 INFO     root            descriptor_list: [{'universeDomain': 'googleapis.com', 'universeShortName': '', 'authenticationDomain': 'auth.cloud.google.com', 'projectPrefix': '', 'cloudWebDomain': 'cloud.google.com', 'documentationDomain': 'cloud.google.com', 'version': '1.0.0', 'state': 'primary', 'artifactRegistryDomain': 'pkg.dev'}]
2025-05-13 13:39:07,550 INFO     ___FILE_ONLY___ 
Update done!


2025-05-13 13:39:07,552 DEBUG    root            Chosen display Format:none
2025-05-13 13:39:07,553 INFO     root            Display format: "none"
